[2021-05-14 16:07:00] -- [DEBUG]: [com.godink.demo02.Demo02TestApplication] -- Running with Spring Boot v2.4.5, Spring v5.3.6
[2021-05-14 16:07:01] -- [DEBUG]: [_org.springframework.web.servlet.HandlerMapping.Mappings] -- 
	c.g.d.Demo02TestApplication:
	{GET [/test]}: test()
	{GET [/debug/test]}: debugTest()
[2021-05-14 16:07:01] -- [DEBUG]: [_org.springframework.web.servlet.HandlerMapping.Mappings] -- 
	o.s.b.a.w.s.e.BasicErrorController:
	{ [/error]}: error(HttpServletRequest)
	{ [/error], produces [text/html]}: errorHtml(HttpServletRequest,HttpServletResponse)
[2021-05-14 16:07:01] -- [DEBUG]: [_org.springframework.web.servlet.HandlerMapping.Mappings] -- 'beanNameHandlerMapping' {}
[2021-05-14 16:07:01] -- [DEBUG]: [_org.springframework.web.servlet.HandlerMapping.Mappings] -- 'resourceHandlerMapping' {/webjars/**=ResourceHttpRequestHandler [Classpath [META-INF/resources/webjars/]], /**=ResourceHttpRequestHandler [Classpath [META-INF/resources/], Classpath [resources/], Classpath [static/], Classpath [public/], ServletContext [/]]}
FILE_LOG_PATTERN_IS_UNDEFINEDFILE_LOG_PATTERN_IS_UNDEFINEDFILE_LOG_PATTERN_IS_UNDEFINEDFILE_LOG_PATTERN_IS_UNDEFINEDFILE_LOG_PATTERN_IS_UNDEFINED[2021-05-14 16:10:11] -- [DEBUG]: [com.godink.demo02.Demo02TestApplication] -- Running with Spring Boot v2.4.5, Spring v5.3.6
[2021-05-14 16:10:12] -- [DEBUG]: [_org.springframework.web.servlet.HandlerMapping.Mappings] -- 
	c.g.d.Demo02TestApplication:
	{GET [/test]}: test()
	{GET [/debug/test]}: debugTest()
[2021-05-14 16:10:12] -- [DEBUG]: [_org.springframework.web.servlet.HandlerMapping.Mappings] -- 
	o.s.b.a.w.s.e.BasicErrorController:
	{ [/error]}: error(HttpServletRequest)
	{ [/error], produces [text/html]}: errorHtml(HttpServletRequest,HttpServletResponse)
[2021-05-14 16:10:12] -- [DEBUG]: [_org.springframework.web.servlet.HandlerMapping.Mappings] -- 'beanNameHandlerMapping' {}
[2021-05-14 16:10:12] -- [DEBUG]: [_org.springframework.web.servlet.HandlerMapping.Mappings] -- 'resourceHandlerMapping' {/webjars/**=ResourceHttpRequestHandler [Classpath [META-INF/resources/webjars/]], /**=ResourceHttpRequestHandler [Classpath [META-INF/resources/], Classpath [resources/], Classpath [static/], Classpath [public/], ServletContext [/]]}
[2021-05-14 16:14:23] -- [DEBUG]: [com.godink.demo02.Demo02TestApplication] -- Running with Spring Boot v2.4.5, Spring v5.3.6
[2021-05-14 16:14:24] -- [DEBUG]: [_org.springframework.web.servlet.HandlerMapping.Mappings] -- 
	c.g.d.Demo02TestApplication:
	{GET [/test]}: test()
	{GET [/debug/test]}: debugTest()
[2021-05-14 16:14:24] -- [DEBUG]: [_org.springframework.web.servlet.HandlerMapping.Mappings] -- 
	o.s.b.a.w.s.e.BasicErrorController:
	{ [/error]}: error(HttpServletRequest)
	{ [/error], produces [text/html]}: errorHtml(HttpServletRequest,HttpServletResponse)
[2021-05-14 16:14:24] -- [DEBUG]: [_org.springframework.web.servlet.HandlerMapping.Mappings] -- 'beanNameHandlerMapping' {}
[2021-05-14 16:14:24] -- [DEBUG]: [_org.springframework.web.servlet.HandlerMapping.Mappings] -- 'resourceHandlerMapping' {/webjars/**=ResourceHttpRequestHandler [Classpath [META-INF/resources/webjars/]], /**=ResourceHttpRequestHandler [Classpath [META-INF/resources/], Classpath [resources/], Classpath [static/], Classpath [public/], ServletContext [/]]}
[2021-05-14 16:24:07] -- [DEBUG]: [com.godink.demo02.Demo02TestApplication] -- 112222
2021-05-14 17:47:27 [DEBUG] com.godink.demo02.Demo02TestApplication Running with Spring Boot v2.4.5, Spring v5.3.6
2021-05-14 17:47:28 [DEBUG] _org.springframework.web.servlet.HandlerMapping.Mappings 
	c.g.d.Demo02TestApplication:
	{GET [/test]}: test()
	{GET [/debug/test]}: debugTest()
2021-05-14 17:47:28 [DEBUG] _org.springframework.web.servlet.HandlerMapping.Mappings 
	o.s.b.a.w.s.e.BasicErrorController:
	{ [/error]}: error(HttpServletRequest)
	{ [/error], produces [text/html]}: errorHtml(HttpServletRequest,HttpServletResponse)
2021-05-14 17:47:28 [DEBUG] _org.springframework.web.servlet.HandlerMapping.Mappings 'beanNameHandlerMapping' {}
2021-05-14 17:47:28 [DEBUG] _org.springframework.web.servlet.HandlerMapping.Mappings 'resourceHandlerMapping' {/webjars/**=ResourceHttpRequestHandler [Classpath [META-INF/resources/webjars/]], /**=ResourceHttpRequestHandler [Classpath [META-INF/resources/], Classpath [resources/], Classpath [static/], Classpath [public/], ServletContext [/]]}
2021-05-14 17:48:49 [DEBUG] com.godink.demo02.Demo02TestApplication Running with Spring Boot v2.4.5, Spring v5.3.6
2021-05-14 17:48:50 [DEBUG] _org.springframework.web.servlet.HandlerMapping.Mappings 
	c.g.d.Demo02TestApplication:
	{GET [/test]}: test()
	{GET [/debug/test]}: debugTest()
2021-05-14 17:48:50 [DEBUG] _org.springframework.web.servlet.HandlerMapping.Mappings 
	o.s.b.a.w.s.e.BasicErrorController:
	{ [/error]}: error(HttpServletRequest)
	{ [/error], produces [text/html]}: errorHtml(HttpServletRequest,HttpServletResponse)
2021-05-14 17:48:50 [DEBUG] _org.springframework.web.servlet.HandlerMapping.Mappings 'beanNameHandlerMapping' {}
2021-05-14 17:48:50 [DEBUG] _org.springframework.web.servlet.HandlerMapping.Mappings 'resourceHandlerMapping' {/webjars/**=ResourceHttpRequestHandler [Classpath [META-INF/resources/webjars/]], /**=ResourceHttpRequestHandler [Classpath [META-INF/resources/], Classpath [resources/], Classpath [static/], Classpath [public/], ServletContext [/]]}
2021-05-14 17:50:42 [DEBUG] com.godink.demo02.Demo02TestApplication Running with Spring Boot v2.4.5, Spring v5.3.6
2021-05-14 17:50:43 [DEBUG] _org.springframework.web.servlet.HandlerMapping.Mappings 
	c.g.d.Demo02TestApplication:
	{GET [/test]}: test()
	{GET [/debug/test]}: debugTest()
2021-05-14 17:50:43 [DEBUG] _org.springframework.web.servlet.HandlerMapping.Mappings 
	o.s.b.a.w.s.e.BasicErrorController:
	{ [/error]}: error(HttpServletRequest)
	{ [/error], produces [text/html]}: errorHtml(HttpServletRequest,HttpServletResponse)
2021-05-14 17:50:43 [DEBUG] _org.springframework.web.servlet.HandlerMapping.Mappings 'beanNameHandlerMapping' {}
2021-05-14 17:50:43 [DEBUG] _org.springframework.web.servlet.HandlerMapping.Mappings 'resourceHandlerMapping' {/webjars/**=ResourceHttpRequestHandler [Classpath [META-INF/resources/webjars/]], /**=ResourceHttpRequestHandler [Classpath [META-INF/resources/], Classpath [resources/], Classpath [static/], Classpath [public/], ServletContext [/]]}
2021-05-14 17:55:50 [DEBUG] com.godink.demo01.Demo01GdApplication Running with Spring Boot v2.3.4.RELEASE, Spring v5.2.9.RELEASE
