[2021-05-14 16:07:00] -- [INFO ]: [com.godink.demo02.Demo02TestApplication] -- Starting Demo02TestApplication using Java 1.8.0_102 on AUD-HAC0998 with PID 21944 (D:\chwork\sts4.8_workspace\dqms_webkit_2.13\demo02-test\target\classes started by Hong.Chen in D:\chwork\sts4.8_workspace\dqms_webkit_2.13\demo02-test)
[2021-05-14 16:07:00] -- [INFO ]: [com.godink.demo02.Demo02TestApplication] -- No active profile set, falling back to default profiles: default
[2021-05-14 16:07:01] -- [INFO ]: [org.apache.coyote.http11.Http11NioProtocol] -- Initializing ProtocolHandler ["http-nio-8082"]
[2021-05-14 16:07:01] -- [INFO ]: [org.apache.catalina.core.StandardService] -- Starting service [Tomcat]
[2021-05-14 16:07:01] -- [INFO ]: [org.apache.catalina.core.StandardEngine] -- Starting Servlet engine: [Apache Tomcat/9.0.45]
[2021-05-14 16:07:01] -- [INFO ]: [org.apache.catalina.core.AprLifecycleListener] -- Loaded Apache Tomcat Native library [1.2.25] using APR version [1.7.0].
[2021-05-14 16:07:01] -- [INFO ]: [org.apache.catalina.core.AprLifecycleListener] -- APR capabilities: IPv6 [true], sendfile [true], accept filters [false], random [true].
[2021-05-14 16:07:01] -- [INFO ]: [org.apache.catalina.core.AprLifecycleListener] -- APR/OpenSSL configuration: useAprConnector [false], useOpenSSL [true]
[2021-05-14 16:07:01] -- [INFO ]: [org.apache.catalina.core.AprLifecycleListener] -- OpenSSL successfully initialized [OpenSSL 1.1.1g  21 Apr 2020]
[2021-05-14 16:07:01] -- [INFO ]: [org.apache.catalina.core.ContainerBase.[Tomcat].[localhost].[/]] -- Initializing Spring embedded WebApplicationContext
[2021-05-14 16:07:01] -- [INFO ]: [org.apache.coyote.http11.Http11NioProtocol] -- Starting ProtocolHandler ["http-nio-8082"]
[2021-05-14 16:07:01] -- [INFO ]: [com.godink.demo02.Demo02TestApplication] -- Started Demo02TestApplication in 1.522 seconds (JVM running for 2.385)
FILE_LOG_PATTERN_IS_UNDEFINEDFILE_LOG_PATTERN_IS_UNDEFINEDFILE_LOG_PATTERN_IS_UNDEFINEDFILE_LOG_PATTERN_IS_UNDEFINEDFILE_LOG_PATTERN_IS_UNDEFINEDFILE_LOG_PATTERN_IS_UNDEFINEDFILE_LOG_PATTERN_IS_UNDEFINEDFILE_LOG_PATTERN_IS_UNDEFINEDFILE_LOG_PATTERN_IS_UNDEFINEDFILE_LOG_PATTERN_IS_UNDEFINEDFILE_LOG_PATTERN_IS_UNDEFINEDFILE_LOG_PATTERN_IS_UNDEFINED[2021-05-14 16:10:11] -- [INFO ]: [com.godink.demo02.Demo02TestApplication] -- Starting Demo02TestApplication using Java 1.8.0_102 on AUD-HAC0998 with PID 632 (D:\chwork\sts4.8_workspace\dqms_webkit_2.13\demo02-test\target\classes started by Hong.Chen in D:\chwork\sts4.8_workspace\dqms_webkit_2.13\demo02-test)
[2021-05-14 16:10:11] -- [INFO ]: [com.godink.demo02.Demo02TestApplication] -- No active profile set, falling back to default profiles: default
[2021-05-14 16:10:11] -- [INFO ]: [org.apache.coyote.http11.Http11NioProtocol] -- Initializing ProtocolHandler ["http-nio-auto-1"]
[2021-05-14 16:10:11] -- [INFO ]: [org.apache.catalina.core.StandardService] -- Starting service [Tomcat]
[2021-05-14 16:10:11] -- [INFO ]: [org.apache.catalina.core.StandardEngine] -- Starting Servlet engine: [Apache Tomcat/9.0.45]
[2021-05-14 16:10:11] -- [INFO ]: [org.apache.catalina.core.AprLifecycleListener] -- Loaded Apache Tomcat Native library [1.2.25] using APR version [1.7.0].
[2021-05-14 16:10:11] -- [INFO ]: [org.apache.catalina.core.AprLifecycleListener] -- APR capabilities: IPv6 [true], sendfile [true], accept filters [false], random [true].
[2021-05-14 16:10:11] -- [INFO ]: [org.apache.catalina.core.AprLifecycleListener] -- APR/OpenSSL configuration: useAprConnector [false], useOpenSSL [true]
[2021-05-14 16:10:11] -- [INFO ]: [org.apache.catalina.core.AprLifecycleListener] -- OpenSSL successfully initialized [OpenSSL 1.1.1g  21 Apr 2020]
[2021-05-14 16:10:11] -- [INFO ]: [org.apache.catalina.core.ContainerBase.[Tomcat].[localhost].[/]] -- Initializing Spring embedded WebApplicationContext
[2021-05-14 16:10:12] -- [INFO ]: [org.apache.coyote.http11.Http11NioProtocol] -- Starting ProtocolHandler ["http-nio-auto-1"]
[2021-05-14 16:10:12] -- [INFO ]: [com.godink.demo02.Demo02TestApplication] -- Started Demo02TestApplication in 1.422 seconds (JVM running for 2.185)
[2021-05-14 16:14:23] -- [INFO ]: [com.godink.demo02.Demo02TestApplication] -- Starting Demo02TestApplication using Java 1.8.0_102 on AUD-HAC0998 with PID 2380 (D:\chwork\sts4.8_workspace\dqms_webkit_2.13\demo02-test\target\classes started by Hong.Chen in D:\chwork\sts4.8_workspace\dqms_webkit_2.13\demo02-test)
[2021-05-14 16:14:23] -- [INFO ]: [com.godink.demo02.Demo02TestApplication] -- No active profile set, falling back to default profiles: default
[2021-05-14 16:14:24] -- [INFO ]: [org.apache.coyote.http11.Http11NioProtocol] -- Initializing ProtocolHandler ["http-nio-8082"]
[2021-05-14 16:14:24] -- [INFO ]: [org.apache.catalina.core.StandardService] -- Starting service [Tomcat]
[2021-05-14 16:14:24] -- [INFO ]: [org.apache.catalina.core.StandardEngine] -- Starting Servlet engine: [Apache Tomcat/9.0.45]
[2021-05-14 16:14:24] -- [INFO ]: [org.apache.catalina.core.AprLifecycleListener] -- Loaded Apache Tomcat Native library [1.2.25] using APR version [1.7.0].
[2021-05-14 16:14:24] -- [INFO ]: [org.apache.catalina.core.AprLifecycleListener] -- APR capabilities: IPv6 [true], sendfile [true], accept filters [false], random [true].
[2021-05-14 16:14:24] -- [INFO ]: [org.apache.catalina.core.AprLifecycleListener] -- APR/OpenSSL configuration: useAprConnector [false], useOpenSSL [true]
[2021-05-14 16:14:24] -- [INFO ]: [org.apache.catalina.core.AprLifecycleListener] -- OpenSSL successfully initialized [OpenSSL 1.1.1g  21 Apr 2020]
[2021-05-14 16:14:24] -- [INFO ]: [org.apache.catalina.core.ContainerBase.[Tomcat].[localhost].[/]] -- Initializing Spring embedded WebApplicationContext
[2021-05-14 16:14:24] -- [INFO ]: [org.apache.coyote.http11.Http11NioProtocol] -- Starting ProtocolHandler ["http-nio-8082"]
[2021-05-14 16:14:24] -- [INFO ]: [com.godink.demo02.Demo02TestApplication] -- Started Demo02TestApplication in 1.453 seconds (JVM running for 2.297)
[2021-05-14 16:23:51] -- [INFO ]: [org.apache.catalina.core.ContainerBase.[Tomcat].[localhost].[/]] -- Initializing Spring DispatcherServlet 'dispatcherServlet'
2021-05-14 17:47:27 [INFO ] com.godink.demo02.Demo02TestApplication Starting Demo02TestApplication using Java 1.8.0_102 on AUD-HAC0998 with PID 15504 (D:\chwork\sts4.8_workspace\dqms_webkit_2.13\demo02-test\target\classes started by Hong.Chen in D:\chwork\sts4.8_workspace\dqms_webkit_2.13\demo02-test)
2021-05-14 17:47:27 [INFO ] com.godink.demo02.Demo02TestApplication No active profile set, falling back to default profiles: default
2021-05-14 17:47:28 [INFO ] org.apache.coyote.http11.Http11NioProtocol Initializing ProtocolHandler ["http-nio-8082"]
2021-05-14 17:47:28 [INFO ] org.apache.catalina.core.StandardService Starting service [Tomcat]
2021-05-14 17:47:28 [INFO ] org.apache.catalina.core.StandardEngine Starting Servlet engine: [Apache Tomcat/9.0.45]
2021-05-14 17:47:28 [INFO ] org.apache.catalina.core.AprLifecycleListener Loaded Apache Tomcat Native library [1.2.25] using APR version [1.7.0].
2021-05-14 17:47:28 [INFO ] org.apache.catalina.core.AprLifecycleListener APR capabilities: IPv6 [true], sendfile [true], accept filters [false], random [true].
2021-05-14 17:47:28 [INFO ] org.apache.catalina.core.AprLifecycleListener APR/OpenSSL configuration: useAprConnector [false], useOpenSSL [true]
2021-05-14 17:47:28 [INFO ] org.apache.catalina.core.AprLifecycleListener OpenSSL successfully initialized [OpenSSL 1.1.1g  21 Apr 2020]
2021-05-14 17:47:28 [INFO ] org.apache.catalina.core.ContainerBase.[Tomcat].[localhost].[/] Initializing Spring embedded WebApplicationContext
2021-05-14 17:47:28 [INFO ] org.apache.coyote.http11.Http11NioProtocol Starting ProtocolHandler ["http-nio-8082"]
2021-05-14 17:47:28 [INFO ] com.godink.demo02.Demo02TestApplication Started Demo02TestApplication in 1.402 seconds (JVM running for 2.174)
2021-05-14 17:48:49 [INFO ] com.godink.demo02.Demo02TestApplication Starting Demo02TestApplication using Java 1.8.0_102 on AUD-HAC0998 with PID 4572 (D:\chwork\sts4.8_workspace\dqms_webkit_2.13\demo02-test\target\classes started by Hong.Chen in D:\chwork\sts4.8_workspace\dqms_webkit_2.13\demo02-test)
2021-05-14 17:48:49 [INFO ] com.godink.demo02.Demo02TestApplication No active profile set, falling back to default profiles: default
2021-05-14 17:48:50 [INFO ] org.apache.coyote.http11.Http11NioProtocol Initializing ProtocolHandler ["http-nio-8082"]
2021-05-14 17:48:50 [INFO ] org.apache.catalina.core.StandardService Starting service [Tomcat]
2021-05-14 17:48:50 [INFO ] org.apache.catalina.core.StandardEngine Starting Servlet engine: [Apache Tomcat/9.0.45]
2021-05-14 17:48:50 [INFO ] org.apache.catalina.core.AprLifecycleListener Loaded Apache Tomcat Native library [1.2.25] using APR version [1.7.0].
2021-05-14 17:48:50 [INFO ] org.apache.catalina.core.AprLifecycleListener APR capabilities: IPv6 [true], sendfile [true], accept filters [false], random [true].
2021-05-14 17:48:50 [INFO ] org.apache.catalina.core.AprLifecycleListener APR/OpenSSL configuration: useAprConnector [false], useOpenSSL [true]
2021-05-14 17:48:50 [INFO ] org.apache.catalina.core.AprLifecycleListener OpenSSL successfully initialized [OpenSSL 1.1.1g  21 Apr 2020]
2021-05-14 17:48:50 [INFO ] org.apache.catalina.core.ContainerBase.[Tomcat].[localhost].[/] Initializing Spring embedded WebApplicationContext
2021-05-14 17:48:50 [INFO ] org.apache.coyote.http11.Http11NioProtocol Starting ProtocolHandler ["http-nio-8082"]
2021-05-14 17:48:50 [INFO ] com.godink.demo02.Demo02TestApplication Started Demo02TestApplication in 1.48 seconds (JVM running for 2.237)
2021-05-14 17:50:42 [INFO ] com.godink.demo02.Demo02TestApplication Starting Demo02TestApplication using Java 1.8.0_102 on AUD-HAC0998 with PID 21160 (D:\chwork\sts4.8_workspace\dqms_webkit_2.13\demo02-test\target\classes started by Hong.Chen in D:\chwork\sts4.8_workspace\dqms_webkit_2.13\demo02-test)
2021-05-14 17:50:42 [INFO ] com.godink.demo02.Demo02TestApplication No active profile set, falling back to default profiles: default
2021-05-14 17:50:43 [INFO ] org.apache.coyote.http11.Http11NioProtocol Initializing ProtocolHandler ["http-nio-8082"]
2021-05-14 17:50:43 [INFO ] org.apache.catalina.core.StandardService Starting service [Tomcat]
2021-05-14 17:50:43 [INFO ] org.apache.catalina.core.StandardEngine Starting Servlet engine: [Apache Tomcat/9.0.45]
2021-05-14 17:50:43 [INFO ] org.apache.catalina.core.AprLifecycleListener Loaded Apache Tomcat Native library [1.2.25] using APR version [1.7.0].
2021-05-14 17:50:43 [INFO ] org.apache.catalina.core.AprLifecycleListener APR capabilities: IPv6 [true], sendfile [true], accept filters [false], random [true].
2021-05-14 17:50:43 [INFO ] org.apache.catalina.core.AprLifecycleListener APR/OpenSSL configuration: useAprConnector [false], useOpenSSL [true]
2021-05-14 17:50:43 [INFO ] org.apache.catalina.core.AprLifecycleListener OpenSSL successfully initialized [OpenSSL 1.1.1g  21 Apr 2020]
2021-05-14 17:50:43 [INFO ] org.apache.catalina.core.ContainerBase.[Tomcat].[localhost].[/] Initializing Spring embedded WebApplicationContext
2021-05-14 17:50:43 [INFO ] org.apache.coyote.http11.Http11NioProtocol Starting ProtocolHandler ["http-nio-8082"]
2021-05-14 17:50:43 [INFO ] com.godink.demo02.Demo02TestApplication Started Demo02TestApplication in 1.4 seconds (JVM running for 2.161)
2021-05-14 17:55:50 [INFO ] com.godink.demo01.Demo01GdApplication Starting Demo01GdApplication on AUD-HAC0998 with PID 20996 (C:\Users\DELL\Desktop\github_local\demo01-gd\target\classes started by Hong.Chen in C:\Users\DELL\Desktop\github_local\demo01-gd)
2021-05-14 17:55:50 [INFO ] com.godink.demo01.Demo01GdApplication No active profile set, falling back to default profiles: default
2021-05-14 17:55:50 [INFO ] org.apache.coyote.http11.Http11NioProtocol Initializing ProtocolHandler ["http-nio-22080"]
2021-05-14 17:55:50 [INFO ] org.apache.catalina.core.StandardService Starting service [Tomcat]
2021-05-14 17:55:50 [INFO ] org.apache.catalina.core.StandardEngine Starting Servlet engine: [Apache Tomcat/9.0.38]
2021-05-14 17:55:50 [INFO ] org.apache.catalina.core.AprLifecycleListener Loaded Apache Tomcat Native library [1.2.25] using APR version [1.7.0].
2021-05-14 17:55:50 [INFO ] org.apache.catalina.core.AprLifecycleListener APR capabilities: IPv6 [true], sendfile [true], accept filters [false], random [true].
2021-05-14 17:55:50 [INFO ] org.apache.catalina.core.AprLifecycleListener APR/OpenSSL configuration: useAprConnector [false], useOpenSSL [true]
2021-05-14 17:55:50 [INFO ] org.apache.catalina.core.AprLifecycleListener OpenSSL successfully initialized [OpenSSL 1.1.1g  21 Apr 2020]
2021-05-14 17:55:50 [INFO ] org.apache.catalina.core.ContainerBase.[Tomcat].[localhost].[/gd/demo01] Initializing Spring embedded WebApplicationContext
2021-05-14 17:55:51 [INFO ] org.apache.coyote.http11.Http11NioProtocol Starting ProtocolHandler ["http-nio-22080"]
2021-05-14 17:55:51 [INFO ] com.godink.demo01.Demo01GdApplication Started Demo01GdApplication in 1.469 seconds (JVM running for 2.255)
2021-05-14 17:56:45 [INFO ] org.apache.catalina.core.ContainerBase.[Tomcat].[localhost].[/gd/demo01] Initializing Spring DispatcherServlet 'dispatcherServlet'
2021-05-14 17:58:50 [INFO ] com.godink.demo01.RestController.IndexRestController pn: Hong.Chen,encryStr
